<?xml version="1.0" encoding="UTF-8"?>
<!-- Generated by org.testng.reporters.JUnitReportReporter -->
<testsuite hostname="KennyMoonlay" failures="0" tests="1" name="createNewBoard" time="14.613" errors="0" timestamp="2024-04-01T03:43:55 WIB" skipped="0">
  <testcase classname="createNewBoard" name="E2E" time="14.613">
    <system-out>
      <![CDATA[Permission Level : private
Board Id : 6609cafebe2c0a4faf1a80a8
Board Name : Flip Test Engineer
View Type Is : Board
Enabled : true
List Id To Do : 6609cb006a80246f64c24451
List Name : To-Do
List Status Closed :false
List Id In Progress : 6609cb00e9f86cd85f00d4fb
List Name : InProgress
List Status Closed : false
List Id Completed : 6609cb014e5845718c53f68a
List Name :Completed
List Status Closed : false
List Id In Testing :6609cb0275437a60dff09264
List Name : In Testing
List Status Closed : false
List Id Done : 6609cb02be1dd9e988ddc035
List Name : Done
List Status Closed : false
List Id Deployed : 6609cb03100b637a76654351
List Name : Deployed
List Status Closed : false
Cards Id Automation API : 6609cb030b58f1d0491aa1fe
Cards Name : Automation API
Cards Status Closed : false
Cards Id Automation API : 6609cb030b58f1d0491aa1fe
Actual Board Id : 6609cafebe2c0a4faf1a80a8
Current List Id : 6609cb00e9f86cd85f00d4fb
Cards Id Automation API : 6609cb030b58f1d0491aa1fe
Actual Board Id : 6609cafebe2c0a4faf1a80a8
Current List Id : 6609cb0275437a60dff09264
Cards Id Automation API : 6609cb030b58f1d0491aa1fe
Actual Board Id : 6609cafebe2c0a4faf1a80a8
Current List Id : 6609cb02be1dd9e988ddc035
Cards Id Automation API : 6609cb030b58f1d0491aa1fe
Actual Board Id : 6609cafebe2c0a4faf1a80a8
Current List Id : 6609cb03100b637a76654351
Cards Id Automation API : 6609cb030b58f1d0491aa1fe
Actual Board Id : 6609cafebe2c0a4faf1a80a8
Current List Id : 6609cb014e5845718c53f68a]]>
    </system-out>
  </testcase> <!-- E2E -->
  <system-out>
    <![CDATA[Permission Level : private
Board Id : 6609cafebe2c0a4faf1a80a8
Board Name : Flip Test Engineer
View Type Is : Board
Enabled : true
List Id To Do : 6609cb006a80246f64c24451
List Name : To-Do
List Status Closed :false
List Id In Progress : 6609cb00e9f86cd85f00d4fb
List Name : InProgress
List Status Closed : false
List Id Completed : 6609cb014e5845718c53f68a
List Name :Completed
List Status Closed : false
List Id In Testing :6609cb0275437a60dff09264
List Name : In Testing
List Status Closed : false
List Id Done : 6609cb02be1dd9e988ddc035
List Name : Done
List Status Closed : false
List Id Deployed : 6609cb03100b637a76654351
List Name : Deployed
List Status Closed : false
Cards Id Automation API : 6609cb030b58f1d0491aa1fe
Cards Name : Automation API
Cards Status Closed : false
Cards Id Automation API : 6609cb030b58f1d0491aa1fe
Actual Board Id : 6609cafebe2c0a4faf1a80a8
Current List Id : 6609cb00e9f86cd85f00d4fb
Cards Id Automation API : 6609cb030b58f1d0491aa1fe
Actual Board Id : 6609cafebe2c0a4faf1a80a8
Current List Id : 6609cb0275437a60dff09264
Cards Id Automation API : 6609cb030b58f1d0491aa1fe
Actual Board Id : 6609cafebe2c0a4faf1a80a8
Current List Id : 6609cb02be1dd9e988ddc035
Cards Id Automation API : 6609cb030b58f1d0491aa1fe
Actual Board Id : 6609cafebe2c0a4faf1a80a8
Current List Id : 6609cb03100b637a76654351
Cards Id Automation API : 6609cb030b58f1d0491aa1fe
Actual Board Id : 6609cafebe2c0a4faf1a80a8
Current List Id : 6609cb014e5845718c53f68a]]>
  </system-out>
</testsuite> <!-- createNewBoard -->
