<?xml version="1.0" encoding="UTF-8"?>
<!-- Generated by org.testng.reporters.JUnitReportReporter -->
<testsuite hostname="KennyMoonlay" failures="0" tests="1" name="createNewBoard" time="13.826" errors="0" timestamp="2024-04-02T00:24:50 WIB" skipped="0">
  <testcase classname="createNewBoard" name="E2E" time="13.826">
    <system-out>
      <![CDATA[Permission Level : private
Board Id : 660aedd5475fa76d1fa4a88a
Board Name : Flip Test Engineer
View Type Is : Board
Enabled : true
List Id To Do : 660aedd6027b1ff1c1f051d9
List Name : To-Do
List Status Closed :false
List Id In Progress : 660aedd762dbefc5b524c554
List Name : InProgress
List Status Closed : false
List Id Completed : 660aedd8b723d67cd33d406e
List Name :Completed
List Status Closed : false
List Id In Testing :660aedd949872cbb692128aa
List Name : In Testing
List Status Closed : false
List Id Done : 660aedd9145ecfc6957f4a96
List Name : Done
List Status Closed : false
List Id Deployed : 660aedda3e07ad32683045b8
List Name : Deployed
List Status Closed : false
Cards Id Automation API : 660aeddaa850bf9ea886269f
Cards Name : Automation API
Cards Status Closed : false
Cards Id Automation API : 660aeddaa850bf9ea886269f
Actual Board Id : 660aedd5475fa76d1fa4a88a
Current List Id : 660aedd762dbefc5b524c554
Cards Id Automation API : 660aeddaa850bf9ea886269f
Actual Board Id : 660aedd5475fa76d1fa4a88a
Current List Id : 660aedd949872cbb692128aa
Cards Id Automation API : 660aeddaa850bf9ea886269f
Actual Board Id : 660aedd5475fa76d1fa4a88a
Current List Id : 660aedd9145ecfc6957f4a96
Cards Id Automation API : 660aeddaa850bf9ea886269f
Actual Board Id : 660aedd5475fa76d1fa4a88a
Current List Id : 660aedda3e07ad32683045b8
Cards Id Automation API : 660aeddaa850bf9ea886269f
Actual Board Id : 660aedd5475fa76d1fa4a88a
Current List Id : 660aedd8b723d67cd33d406e]]>
    </system-out>
  </testcase> <!-- E2E -->
  <system-out>
    <![CDATA[Permission Level : private
Board Id : 660aedd5475fa76d1fa4a88a
Board Name : Flip Test Engineer
View Type Is : Board
Enabled : true
List Id To Do : 660aedd6027b1ff1c1f051d9
List Name : To-Do
List Status Closed :false
List Id In Progress : 660aedd762dbefc5b524c554
List Name : InProgress
List Status Closed : false
List Id Completed : 660aedd8b723d67cd33d406e
List Name :Completed
List Status Closed : false
List Id In Testing :660aedd949872cbb692128aa
List Name : In Testing
List Status Closed : false
List Id Done : 660aedd9145ecfc6957f4a96
List Name : Done
List Status Closed : false
List Id Deployed : 660aedda3e07ad32683045b8
List Name : Deployed
List Status Closed : false
Cards Id Automation API : 660aeddaa850bf9ea886269f
Cards Name : Automation API
Cards Status Closed : false
Cards Id Automation API : 660aeddaa850bf9ea886269f
Actual Board Id : 660aedd5475fa76d1fa4a88a
Current List Id : 660aedd762dbefc5b524c554
Cards Id Automation API : 660aeddaa850bf9ea886269f
Actual Board Id : 660aedd5475fa76d1fa4a88a
Current List Id : 660aedd949872cbb692128aa
Cards Id Automation API : 660aeddaa850bf9ea886269f
Actual Board Id : 660aedd5475fa76d1fa4a88a
Current List Id : 660aedd9145ecfc6957f4a96
Cards Id Automation API : 660aeddaa850bf9ea886269f
Actual Board Id : 660aedd5475fa76d1fa4a88a
Current List Id : 660aedda3e07ad32683045b8
Cards Id Automation API : 660aeddaa850bf9ea886269f
Actual Board Id : 660aedd5475fa76d1fa4a88a
Current List Id : 660aedd8b723d67cd33d406e]]>
  </system-out>
</testsuite> <!-- createNewBoard -->
