<?xml version="1.0" encoding="UTF-8"?>
<!-- Generated by org.testng.reporters.JUnitReportReporter -->
<testsuite hostname="KennyMoonlay" failures="0" tests="1" name="createNewBoard" time="14.118" errors="0" timestamp="2024-03-30T00:33:40 WIB" skipped="0">
  <testcase classname="createNewBoard" name="E2E" time="14.118">
    <system-out>
      <![CDATA[Permission Level : private
Board Id : 6606fb667324cdf6b0b647cf
Board Name : Flip Test Engineer
View Type Is : Board
Enabled : true
List Id To Do : 6606fb68f018a9cef8219820
List Name : To-Do
List Status Closed :false
List Id In Progress : 6606fb693a008c5c89a99199
List Name : InProgress
List Status Closed : false
List Id Completed : 6606fb691fcf4be0e9b2955d
List Name :Completed
List Status Closed : false
List Id In Testing :6606fb6a30dc02fb2173c0d1
List Name : In Testing
List Status Closed : false
List Id Done : 6606fb6b027b41a7f5678cfd
List Name : Done
List Status Closed : false
List Id Deployed : 6606fb6b72cb70251162022d
List Name : Deployed
List Status Closed : false
Cards Id Automation API : 6606fb6c250f8c3da9a82316
Cards Name : Automation API
Cards Status Closed : false
Cards Id Automation API : 6606fb6c250f8c3da9a82316
Actual Board Id : 6606fb667324cdf6b0b647cf
Current List Id : 6606fb693a008c5c89a99199
Cards Id Automation API : 6606fb6c250f8c3da9a82316
Actual Board Id : 6606fb667324cdf6b0b647cf
Current List Id : 6606fb6a30dc02fb2173c0d1
Cards Id Automation API : 6606fb6c250f8c3da9a82316
Actual Board Id : 6606fb667324cdf6b0b647cf
Current List Id : 6606fb6b027b41a7f5678cfd
Cards Id Automation API : 6606fb6c250f8c3da9a82316
Actual Board Id : 6606fb667324cdf6b0b647cf
Current List Id : 6606fb6b72cb70251162022d
Cards Id Automation API : 6606fb6c250f8c3da9a82316
Actual Board Id : 6606fb667324cdf6b0b647cf
Current List Id : 6606fb691fcf4be0e9b2955d]]>
    </system-out>
  </testcase> <!-- E2E -->
  <system-out>
    <![CDATA[Permission Level : private
Board Id : 6606fb667324cdf6b0b647cf
Board Name : Flip Test Engineer
View Type Is : Board
Enabled : true
List Id To Do : 6606fb68f018a9cef8219820
List Name : To-Do
List Status Closed :false
List Id In Progress : 6606fb693a008c5c89a99199
List Name : InProgress
List Status Closed : false
List Id Completed : 6606fb691fcf4be0e9b2955d
List Name :Completed
List Status Closed : false
List Id In Testing :6606fb6a30dc02fb2173c0d1
List Name : In Testing
List Status Closed : false
List Id Done : 6606fb6b027b41a7f5678cfd
List Name : Done
List Status Closed : false
List Id Deployed : 6606fb6b72cb70251162022d
List Name : Deployed
List Status Closed : false
Cards Id Automation API : 6606fb6c250f8c3da9a82316
Cards Name : Automation API
Cards Status Closed : false
Cards Id Automation API : 6606fb6c250f8c3da9a82316
Actual Board Id : 6606fb667324cdf6b0b647cf
Current List Id : 6606fb693a008c5c89a99199
Cards Id Automation API : 6606fb6c250f8c3da9a82316
Actual Board Id : 6606fb667324cdf6b0b647cf
Current List Id : 6606fb6a30dc02fb2173c0d1
Cards Id Automation API : 6606fb6c250f8c3da9a82316
Actual Board Id : 6606fb667324cdf6b0b647cf
Current List Id : 6606fb6b027b41a7f5678cfd
Cards Id Automation API : 6606fb6c250f8c3da9a82316
Actual Board Id : 6606fb667324cdf6b0b647cf
Current List Id : 6606fb6b72cb70251162022d
Cards Id Automation API : 6606fb6c250f8c3da9a82316
Actual Board Id : 6606fb667324cdf6b0b647cf
Current List Id : 6606fb691fcf4be0e9b2955d]]>
  </system-out>
</testsuite> <!-- createNewBoard -->
