<?xml version="1.0" encoding="UTF-8"?>
<!-- Generated by org.testng.reporters.JUnitReportReporter -->
<testsuite hostname="KennyMoonlay" failures="0" tests="5" name="TrelloE2E" time="14.609" errors="0" timestamp="2024-04-10T01:54:49 WIB" skipped="0">
  <testcase classname="TrelloE2E" name="CreateBoards" time="4.305">
    <system-out>
      <![CDATA[Permission Level : private
Board Id : 66158eea34a16d2be334e16c
Board Name : Flip Test Engineer
View Type Is : Board
Enabled : true]]>
    </system-out>
  </testcase> <!-- CreateBoards -->
  <testcase classname="TrelloE2E" name="CreateList" time="4.026">
    <system-out>
      <![CDATA[List Id To Do : 66158eec7c7bb0318bae7208
List Name : To-Do
List Status Closed :false
List Id In Progress : 66158eecf094b79bb4e9c3c4
List Name : InProgress
List Status Closed : false
List Id Completed : 66158eed79e49c9dfcf128c3
List Name :Completed
List Status Closed : false
List Id In Testing :66158eeecb6ca76155962b20
List Name : In Testing
List Status Closed : false
List Id Done : 66158eeef6f1bcf9fd901fe2
List Name : Done
List Status Closed : false
List Id Deployed : 66158eef6d5694fc89af09b5
List Name : Deployed
List Status Closed : false]]>
    </system-out>
  </testcase> <!-- CreateList -->
  <testcase classname="TrelloE2E" name="createCards" time="0.854">
    <system-out>
      <![CDATA[Cards Id Automation API : 66158ef07823e19069d9aa61
Cards Name : Automation API
Cards Status Closed : false]]>
    </system-out>
  </testcase> <!-- createCards -->
  <testcase classname="TrelloE2E" name="movingCardsBetweenCreatedList" time="3.736">
    <system-out>
      <![CDATA[Cards Id Automation API : 66158ef07823e19069d9aa61
Actual Board Id : 66158eea34a16d2be334e16c
Current List Id : 66158eecf094b79bb4e9c3c4
Cards Id Automation API : 66158ef07823e19069d9aa61
Actual Board Id : 66158eea34a16d2be334e16c
Current List Id : 66158eeecb6ca76155962b20
Cards Id Automation API : 66158ef07823e19069d9aa61
Actual Board Id : 66158eea34a16d2be334e16c
Current List Id : 66158eeef6f1bcf9fd901fe2
Cards Id Automation API : 66158ef07823e19069d9aa61
Actual Board Id : 66158eea34a16d2be334e16c
Current List Id : 66158eef6d5694fc89af09b5
Cards Id Automation API : 66158ef07823e19069d9aa61
Actual Board Id : 66158eea34a16d2be334e16c
Current List Id : 66158eed79e49c9dfcf128c3]]>
    </system-out>
  </testcase> <!-- movingCardsBetweenCreatedList -->
  <testcase classname="TrelloE2E" name="DeleteBoards" time="1.688"/>
  <system-out>
    <![CDATA[Permission Level : private
Board Id : 66158eea34a16d2be334e16c
Board Name : Flip Test Engineer
View Type Is : Board
Enabled : true
List Id To Do : 66158eec7c7bb0318bae7208
List Name : To-Do
List Status Closed :false
List Id In Progress : 66158eecf094b79bb4e9c3c4
List Name : InProgress
List Status Closed : false
List Id Completed : 66158eed79e49c9dfcf128c3
List Name :Completed
List Status Closed : false
List Id In Testing :66158eeecb6ca76155962b20
List Name : In Testing
List Status Closed : false
List Id Done : 66158eeef6f1bcf9fd901fe2
List Name : Done
List Status Closed : false
List Id Deployed : 66158eef6d5694fc89af09b5
List Name : Deployed
List Status Closed : false
Cards Id Automation API : 66158ef07823e19069d9aa61
Cards Name : Automation API
Cards Status Closed : false
Cards Id Automation API : 66158ef07823e19069d9aa61
Actual Board Id : 66158eea34a16d2be334e16c
Current List Id : 66158eecf094b79bb4e9c3c4
Cards Id Automation API : 66158ef07823e19069d9aa61
Actual Board Id : 66158eea34a16d2be334e16c
Current List Id : 66158eeecb6ca76155962b20
Cards Id Automation API : 66158ef07823e19069d9aa61
Actual Board Id : 66158eea34a16d2be334e16c
Current List Id : 66158eeef6f1bcf9fd901fe2
Cards Id Automation API : 66158ef07823e19069d9aa61
Actual Board Id : 66158eea34a16d2be334e16c
Current List Id : 66158eef6d5694fc89af09b5
Cards Id Automation API : 66158ef07823e19069d9aa61
Actual Board Id : 66158eea34a16d2be334e16c
Current List Id : 66158eed79e49c9dfcf128c3]]>
  </system-out>
</testsuite> <!-- TrelloE2E -->
