<?xml version="1.0" encoding="UTF-8"?>
<!-- Generated by org.testng.reporters.JUnitReportReporter -->
<testsuite hostname="KennyMoonlay" failures="0" tests="5" name="TrelloE2E" time="16.274" errors="0" timestamp="2024-04-14T23:36:08 WIB" skipped="0">
  <testcase classname="TrelloE2E" name="CreateBoards" time="4.201"/>
  <testcase classname="TrelloE2E" name="CreateList" time="5.072"/>
  <testcase classname="TrelloE2E" name="createCards" time="0.972"/>
  <testcase classname="TrelloE2E" name="movingCardsBetweenCreatedList" time="4.427"/>
  <testcase classname="TrelloE2E" name="DeleteBoards" time="1.602"/>
</testsuite> <!-- TrelloE2E -->
