<?xml version="1.0" encoding="UTF-8"?>
<!-- Generated by org.testng.reporters.JUnitReportReporter -->
<testsuite hostname="KennyMoonlay" failures="0" tests="2" name="createNewBoard" time="4.820" errors="0" timestamp="2024-04-07T22:11:50 WIB" skipped="0">
  <testcase classname="createNewBoard" name="createList" time="0.725">
    <system-out>
      <![CDATA[List Id To Do : 6612b7b3602486f4fafc6fd1
List Name : To-Do
List Status Closed :false]]>
    </system-out>
  </testcase> <!-- createList -->
  <testcase classname="createNewBoard" name="E2E" time="4.095">
    <system-out>
      <![CDATA[Permission Level : private
Board Id : 6612b7b11600be5fe64af3c7
Board Name : Flip Test Engineer
View Type Is : Board
Enabled : true]]>
    </system-out>
  </testcase> <!-- E2E -->
  <system-out>
    <![CDATA[Permission Level : private
Board Id : 6612b7b11600be5fe64af3c7
Board Name : Flip Test Engineer
View Type Is : Board
Enabled : true
List Id To Do : 6612b7b3602486f4fafc6fd1
List Name : To-Do
List Status Closed :false]]>
  </system-out>
</testsuite> <!-- createNewBoard -->
