<?xml version="1.0" encoding="UTF-8"?>
<!-- Generated by org.testng.reporters.JUnitReportReporter -->
<testsuite hostname="KennyMoonlay" failures="0" tests="5" name="TrelloE2E" time="14.282" errors="0" timestamp="2024-04-10T04:04:33 WIB" skipped="0">
  <testcase classname="TrelloE2E" name="CreateBoards" time="4.287">
    <system-out>
      <![CDATA[Permission Level : private
Board Id : 6615ad522f8852adfdd48f0f
Board Name : Flip Test Engineer
View Type Is : Board
Enabled : true]]>
    </system-out>
  </testcase> <!-- CreateBoards -->
  <testcase classname="TrelloE2E" name="CreateList" time="4.100">
    <system-out>
      <![CDATA[List Id To Do : 6615ad5453e68861155ef798
List Name : To-Do
List Status Closed :false
List Id In Progress : 6615ad554c56c45b02ed4f9f
List Name : InProgress
List Status Closed : false
List Id Completed : 6615ad553eb3cf37c9be4cfa
List Name :Completed
List Status Closed : false
List Id In Testing :6615ad56b38664d3955ee34a
List Name : In Testing
List Status Closed : false
List Id Done : 6615ad574f1f278dab9af078
List Name : Done
List Status Closed : false
List Id Deployed : 6615ad576fdfbf466791abef
List Name : Deployed
List Status Closed : false]]>
    </system-out>
  </testcase> <!-- CreateList -->
  <testcase classname="TrelloE2E" name="createCards" time="0.812">
    <system-out>
      <![CDATA[Cards Id Automation API : 6615ad589ddfc6dcf7cd6d18
Cards Name : Automation API
Cards Status Closed : false]]>
    </system-out>
  </testcase> <!-- createCards -->
  <testcase classname="TrelloE2E" name="movingCardsBetweenCreatedList" time="3.522">
    <system-out>
      <![CDATA[Cards Id Automation API : 6615ad589ddfc6dcf7cd6d18
Actual Board Id : 6615ad522f8852adfdd48f0f
Current List Id : 6615ad554c56c45b02ed4f9f
Cards Id Automation API : 6615ad589ddfc6dcf7cd6d18
Actual Board Id : 6615ad522f8852adfdd48f0f
Current List Id : 6615ad56b38664d3955ee34a
Cards Id Automation API : 6615ad589ddfc6dcf7cd6d18
Actual Board Id : 6615ad522f8852adfdd48f0f
Current List Id : 6615ad574f1f278dab9af078
Cards Id Automation API : 6615ad589ddfc6dcf7cd6d18
Actual Board Id : 6615ad522f8852adfdd48f0f
Current List Id : 6615ad576fdfbf466791abef
Cards Id Automation API : 6615ad589ddfc6dcf7cd6d18
Actual Board Id : 6615ad522f8852adfdd48f0f
Current List Id : 6615ad553eb3cf37c9be4cfa]]>
    </system-out>
  </testcase> <!-- movingCardsBetweenCreatedList -->
  <testcase classname="TrelloE2E" name="DeleteBoards" time="1.561"/>
  <system-out>
    <![CDATA[Permission Level : private
Board Id : 6615ad522f8852adfdd48f0f
Board Name : Flip Test Engineer
View Type Is : Board
Enabled : true
List Id To Do : 6615ad5453e68861155ef798
List Name : To-Do
List Status Closed :false
List Id In Progress : 6615ad554c56c45b02ed4f9f
List Name : InProgress
List Status Closed : false
List Id Completed : 6615ad553eb3cf37c9be4cfa
List Name :Completed
List Status Closed : false
List Id In Testing :6615ad56b38664d3955ee34a
List Name : In Testing
List Status Closed : false
List Id Done : 6615ad574f1f278dab9af078
List Name : Done
List Status Closed : false
List Id Deployed : 6615ad576fdfbf466791abef
List Name : Deployed
List Status Closed : false
Cards Id Automation API : 6615ad589ddfc6dcf7cd6d18
Cards Name : Automation API
Cards Status Closed : false
Cards Id Automation API : 6615ad589ddfc6dcf7cd6d18
Actual Board Id : 6615ad522f8852adfdd48f0f
Current List Id : 6615ad554c56c45b02ed4f9f
Cards Id Automation API : 6615ad589ddfc6dcf7cd6d18
Actual Board Id : 6615ad522f8852adfdd48f0f
Current List Id : 6615ad56b38664d3955ee34a
Cards Id Automation API : 6615ad589ddfc6dcf7cd6d18
Actual Board Id : 6615ad522f8852adfdd48f0f
Current List Id : 6615ad574f1f278dab9af078
Cards Id Automation API : 6615ad589ddfc6dcf7cd6d18
Actual Board Id : 6615ad522f8852adfdd48f0f
Current List Id : 6615ad576fdfbf466791abef
Cards Id Automation API : 6615ad589ddfc6dcf7cd6d18
Actual Board Id : 6615ad522f8852adfdd48f0f
Current List Id : 6615ad553eb3cf37c9be4cfa]]>
  </system-out>
</testsuite> <!-- TrelloE2E -->
